<?xml version="1.0" encoding="UTF-8"?>
<!-- Generated by org.testng.reporters.JUnitReportReporter -->
<testsuite hostname="Flamethrower.local" failures="0" tests="6" name="tests.UserTest" time="9.776" errors="0" timestamp="2022-07-22T17:58:30 ICT" skipped="0">
  <testcase classname="tests.UserTest" name="createUserSuccessfully" time="7.315"/>
  <system-out/>
  <testcase classname="tests.UserTest" name="updateUsersSuccessfully" time="0.570"/>
  <system-out/>
  <testcase classname="tests.UserTest" name="getUserDetailSuccessfully" time="0.337"/>
  <system-out/>
  <testcase classname="tests.UserTest" name="verifyUpdateUserBySchema" time="0.829"/>
  <system-out/>
  <testcase classname="tests.UserTest" name="getUsersInSpecificPageSuccessfully" time="0.426"/>
  <system-out/>
  <testcase classname="tests.UserTest" name="deleteUsersSuccessfully" time="0.299"/>
  <system-out/>
</testsuite> <!-- tests.UserTest -->
